/condor/execute/dir_1524/condor_exec.exe 77 root://xrootd.cmsaf.mit.edu//store/user/paus/nanosu/A00/SUEP-m400-darkPhoHad+RunIIAutumn18-private+MINIAODSIM//SUEP-m400-darkPhoHad-79.root
SingularityImage:
/cvmfs/singularity.opensciencegrid.org/cmssw/cms:rhel7
Required_OS:

OSVersion:
el7
Local python

Using singularity image
Reading cached build data
Done: ProjectRename
/condor/execute/dir_1524
/condor/execute/dir_1524
----- Found Proxy in: /home/freerc/x509up_u516
python condor_Run2_proc.py --jobNum=77 --isMC=1 --era=2018 --dataset=SUEP-m400-darkPhoHad+RunIIAutumn18-private+MINIAODSIM --infile=root://xrootd.cmsaf.mit.edu//store/user/paus/nanosu/A00/SUEP-m400-darkPhoHad+RunIIAutumn18-private+MINIAODSIM//SUEP-m400-darkPhoHad-79.root
Adding file ./SUEP-m400-darkPhoHad-79_Skim.root
Merging autoPU
Merging Events
Merging Runs
Merging ParameterSets
Merging LuminosityBlocks
Merging MetaData
Merging tag
---------------------------
(' -- options  = ', Namespace(dataset='SUEP-m400-darkPhoHad+RunIIAutumn18-private+MINIAODSIM', doSyst=1, era='2018', infile='root://xrootd.cmsaf.mit.edu//store/user/paus/nanosu/A00/SUEP-m400-darkPhoHad+RunIIAutumn18-private+MINIAODSIM//SUEP-m400-darkPhoHad-79.root', isMC=1, jobNum=77, json=None, nevt=-1))
(' -- is MC    = ', 1)
(' -- jobNum   = ', 77)
(' -- era      = ', '2018')
(' -- in file  = ', 'root://xrootd.cmsaf.mit.edu//store/user/paus/nanosu/A00/SUEP-m400-darkPhoHad+RunIIAutumn18-private+MINIAODSIM//SUEP-m400-darkPhoHad-79.root')
(' -- dataset  = ', 'SUEP-m400-darkPhoHad+RunIIAutumn18-private+MINIAODSIM')
---------------------------
('The dataset name: ', 'SUEP-m400-darkPhoHad+RunIIAutumn18-private+MINIAODSIM')
('The xsection: ', 1.0)
Loading btagSF weights for deep-CSV (b) algorithm from file '/condor/execute/dir_1524/CMSSW_10_6_4/src/PhysicsTools/NanoAODTools/data/btagSF/DeepCSV_102XSF_V1.csv'
Load Library 'CondFormatsBTauObjects'
Load Library 'CondToolsBTau'
Loading C++ helper from /condor/execute/dir_1524/CMSSW_10_6_4/src/PhysicsTools/NanoAODTools/python/postprocessing/data/roccor.Run2.v3/RoccoR.cc
('modules : ', <PhysicsTools.SUEP.GenWeightProducer.GenWeightProducer object at 0x2b5f5501da50>)
('modules : ', <PhysicsTools.NanoAODTools.postprocessing.modules.common.puWeightProducer.puWeightProducer object at 0x2b5f5501dd10>)
('modules : ', <PhysicsTools.NanoAODTools.postprocessing.modules.jme.jetmetUncertainties.jetmetUncertaintiesProducer object at 0x2b5f55054550>)
('modules : ', <PhysicsTools.NanoAODTools.postprocessing.modules.btv.btagSFProducer.btagSFProducer object at 0x2b5f55067d90>)
('modules : ', <PhysicsTools.NanoAODTools.postprocessing.modules.common.muonScaleResProducer.muonScaleResProducer object at 0x2b5f55067dd0>)
('modules : ', <PhysicsTools.SUEP.PhiXYCorrection.PhiXYCorrection object at 0x2b5f58a5d850>)
('Selection : ', '(HLT_PFHT1050 || HLT_PFJet500)')
Will write selected trees to .
Loading jet energy scale (JES) uncertainties from file '/condor/execute/dir_1524/tmpMHA8rf/Autumn18_V8_MC_UncertaintySources_AK4PFchs.txt'
Loading jet energy resolutions (JER) from file '/condor/execute/dir_1524/tmpSyDI7t/Fall17_V3_MC_PtResolution_AK4PFchs.txt'
Loading JER scale factors and uncertainties from file '/condor/execute/dir_1524/tmpSyDI7t/Fall17_V3_MC_SF_AK4PFchs.txt'
Pre-select 2 entries out of 100 (2.00%)
Computing PU profile for this file
('I am in the genweight producer', 1.0)
('the npv is:', 31)
('I am in the genweight producer', 0.9900000095367432)
('the npv is:', 20)
Processed 2 preselected entries from root://xrootd.cmsaf.mit.edu//store/user/paus/nanosu/A00/SUEP-m400-darkPhoHad+RunIIAutumn18-private+MINIAODSIM//SUEP-m400-darkPhoHad-79.root (100 entries). Finally selected 2 entries
Done ./SUEP-m400-darkPhoHad-79_Skim.root
13.5685210312 Hz
----- transferring output to scratch :
----- directory after running :
 ------ THE END (everyone dies !) ----- 
