/condor/execute/dir_29903/condor_exec.exe 86 root://xrootd.cmsaf.mit.edu//store/user/paus/nanosu/A00/SUEP-m400-darkPhoHad+RunIIAutumn18-private+MINIAODSIM//SUEP-m400-darkPhoHad-87.root
SingularityImage:
/cvmfs/singularity.opensciencegrid.org/cmssw/cms:rhel7
Required_OS:

OSVersion:
el7
Local python

Using singularity image
Reading cached build data
Done: ProjectRename
/condor/execute/dir_29903
/condor/execute/dir_29903
----- Found Proxy in: /home/freerc/x509up_u516
python condor_Run2_proc.py --jobNum=86 --isMC=1 --era=2018 --dataset=SUEP-m400-darkPhoHad+RunIIAutumn18-private+MINIAODSIM --infile=root://xrootd.cmsaf.mit.edu//store/user/paus/nanosu/A00/SUEP-m400-darkPhoHad+RunIIAutumn18-private+MINIAODSIM//SUEP-m400-darkPhoHad-87.root
Adding file ./SUEP-m400-darkPhoHad-87_Skim.root
Merging autoPU
Merging Events
Merging Runs
Merging ParameterSets
Merging LuminosityBlocks
Merging MetaData
Merging tag
---------------------------
(' -- options  = ', Namespace(dataset='SUEP-m400-darkPhoHad+RunIIAutumn18-private+MINIAODSIM', doSyst=1, era='2018', infile='root://xrootd.cmsaf.mit.edu//store/user/paus/nanosu/A00/SUEP-m400-darkPhoHad+RunIIAutumn18-private+MINIAODSIM//SUEP-m400-darkPhoHad-87.root', isMC=1, jobNum=86, json=None, nevt=-1))
(' -- is MC    = ', 1)
(' -- jobNum   = ', 86)
(' -- era      = ', '2018')
(' -- in file  = ', 'root://xrootd.cmsaf.mit.edu//store/user/paus/nanosu/A00/SUEP-m400-darkPhoHad+RunIIAutumn18-private+MINIAODSIM//SUEP-m400-darkPhoHad-87.root')
(' -- dataset  = ', 'SUEP-m400-darkPhoHad+RunIIAutumn18-private+MINIAODSIM')
---------------------------
('The dataset name: ', 'SUEP-m400-darkPhoHad+RunIIAutumn18-private+MINIAODSIM')
('The xsection: ', 1.0)
Loading btagSF weights for deep-CSV (b) algorithm from file '/condor/execute/dir_29903/CMSSW_10_6_4/src/PhysicsTools/NanoAODTools/data/btagSF/DeepCSV_102XSF_V1.csv'
Load Library 'CondFormatsBTauObjects'
Load Library 'CondToolsBTau'
Loading C++ helper from /condor/execute/dir_29903/CMSSW_10_6_4/src/PhysicsTools/NanoAODTools/python/postprocessing/data/roccor.Run2.v3/RoccoR.cc
('modules : ', <PhysicsTools.SUEP.GenWeightProducer.GenWeightProducer object at 0x2b21575bea50>)
('modules : ', <PhysicsTools.NanoAODTools.postprocessing.modules.common.puWeightProducer.puWeightProducer object at 0x2b21575bed10>)
('modules : ', <PhysicsTools.NanoAODTools.postprocessing.modules.jme.jetmetUncertainties.jetmetUncertaintiesProducer object at 0x2b21575f5550>)
('modules : ', <PhysicsTools.NanoAODTools.postprocessing.modules.btv.btagSFProducer.btagSFProducer object at 0x2b2157607d90>)
('modules : ', <PhysicsTools.NanoAODTools.postprocessing.modules.common.muonScaleResProducer.muonScaleResProducer object at 0x2b2157607dd0>)
('modules : ', <PhysicsTools.SUEP.PhiXYCorrection.PhiXYCorrection object at 0x2b215affe850>)
('Selection : ', '(HLT_PFHT1050 || HLT_PFJet500)')
Will write selected trees to .
Loading jet energy scale (JES) uncertainties from file '/condor/execute/dir_29903/tmpZvEWDQ/Autumn18_V8_MC_UncertaintySources_AK4PFchs.txt'
Loading jet energy resolutions (JER) from file '/condor/execute/dir_29903/tmpeYiQQI/Fall17_V3_MC_PtResolution_AK4PFchs.txt'
Loading JER scale factors and uncertainties from file '/condor/execute/dir_29903/tmpeYiQQI/Fall17_V3_MC_SF_AK4PFchs.txt'
Pre-select 1 entries out of 100 (1.00%)
Computing PU profile for this file
('I am in the genweight producer', 1.0)
('the npv is:', 26)
Processed 1 preselected entries from root://xrootd.cmsaf.mit.edu//store/user/paus/nanosu/A00/SUEP-m400-darkPhoHad+RunIIAutumn18-private+MINIAODSIM//SUEP-m400-darkPhoHad-87.root (100 entries). Finally selected 1 entries
Done ./SUEP-m400-darkPhoHad-87_Skim.root
13.7551581843 Hz
----- transferring output to scratch :
----- directory after running :
 ------ THE END (everyone dies !) ----- 
